




<!DOCTYPE html>
<html>

<head>
    <meta charset="utf-8">
    <meta name="viewport" content="width=device-width, initial-scale=1, shrink-to-fit=no">
    <title>Automation Test Results</title>
    <link rel="apple-touch-icon" href="https://cdn.rawgit.com/extent-framework/extent-github-cdn/d74480e/commons/img/logo.png">
    <link rel="shortcut icon" href="https://cdn.rawgit.com/extent-framework/extent-github-cdn/d74480e/commons/img/logo.png">
    <link href="https://cdn.rawgit.com/extent-framework/extent-github-cdn/24cb10e/spark/css/style.css" rel="stylesheet" />
    <link href="https://stackpath.bootstrapcdn.com/font-awesome/4.7.0/css/font-awesome.min.css" rel="stylesheet">
<style type="text/css">

</style></head><script src="https://cdn.rawgit.com/extent-framework/extent-github-cdn/7cc78ce/spark/js/jsontree.js"></script>
<body class="test-view -report standard">
    <div class="app header-dark side-nav-folded">
        <div class="layout">
<div class="header navbar">
    <div class="header-container">
        <div class="nav-logo">
          <a href="index.html">
            <div class="logo logo-dark" style="background-image: url('https://cdn.rawgit.com/extent-framework/extent-github-cdn/d74480e/commons/img/logo.png')"></div>
            <div class="logo logo-white" style="background-image: url('https://cdn.rawgit.com/extent-framework/extent-github-cdn/d74480e/commons/img/logo.png')"></div>
          </a>
        </div>
        <ul class="nav-left">
          <li>
            <a class="sidenav-fold-toggler" href="javascript:void(0);">
              <i class="fa fa-bars"></i>
            </a>
            <a class="sidenav-expand-toggler" href="javascript:void(0);">
              <i class="fa fa-bars"></i>
            </a>
          </li>
          <li class="search-box">
            <a class="search-toggle" href="javascript:void(0);">
              <i class="search-icon fa fa-search"></i>
              <i class="search-icon-close fa fa-close"></i>
            </a>
          </li>
          <li class="search-input">
            <input id="search-tests" class="form-control" type="text" placeholder="Type to search...">
          </li>
        </ul>
        <ul class="nav-right">
          <li class="m-r-10">
            <a href="#">
              <span class="badge badge-primary">TEEMS 3.0 Automation Results</span>
            </a>
          </li>
            <li class="m-r-10">
                <a href="#">
                    <span class="badge badge-primary">Apr 5, 2024 01:27:49 PM</span>
                </a>
            </li>
        </ul>
    </div>
</div><div class="side-nav side-nav-folded">
  <div class="side-nav-inner">
    <ul class="side-nav-menu scrollable">
      <li class="nav-item dropdown">
        <a id="nav-test" class="dropdown-toggle" href="index.html">
          <span class="icon-holder">
            <i class="fa fa-align-left"></i>
          </span>
          <span class="title">Tests</span>
        </a>
      </li>
            <li class="nav-item dropdown">
        <a id="nav-ex" class="dropdown-toggle" href="exception.html">
          <span class="icon-holder">
            <i class="fa fa-bug"></i>
          </span>
          <span class="title">Exception</span>
        </a>
      </li>
      <li class="nav-item dropdown">
        <a id="nav-dashboard" class="dropdown-toggle" href="dashboard.html">
          <span class="icon-holder">
            <i class="fa fa-bar-chart"></i>
          </span>
          <span class="title">Dashboard</span>
        </a>
      </li>
    </ul>
  </div>
</div>
            <div class="page-container">
                <div class="main-content">
                    <div class="test-wrapper row">
                        <div class="test-list">
                            <div class="test-list-tools">
                                <ul class="tools pull-left">
                                    <li>
                                        <a href="">
                                            <span class="font-size-14">Tests</span>
                                        </a>
                                    </li> 
                                </ul>
                                <ul class="tools text-right">
                                    <li class="user-profile dropdown dropdown-animated scale-left">
                                        <a href="#" class="dropdown-toggle" data-toggle="dropdown">
                                            <i class="fa fa-exclamation-circle"></i>
                                        </a>
                                        <ul id="status-toggle" class="dropdown-menu dropdown-md p-v-0">
                                            
	                                        <a class="dropdown-item" status="fail" href="#"><span>Fail</span><span class="status danger pull-right"></span></a>
	                                        
	                                        
	                                        
	                                        
	                                        <div class="dropdown-divider"></div>
                                            <a status="clear" class="dropdown-item" href="#"><span>Clear</span><span class="pull-right"><i class="fa fa-close"></i></span></a>
                                        </ul>
                                    </li>
                                </ul>
                            </div>
                            <div class="test-list-wrapper scrollable">
                                <ul class="test-list-item">
                                    <li class="test-item"  status="fail" test-id="1"
                                            author=""
                                            tag=""
                                            device="">
                                        <div class="status-avatar fail-bg">
                                            <i class="fa fa-times text-white"></i>
                                        </div>
                                        <div class="open-test">
                                            <div class="test-detail"> 
                                                <p class="name">Student_payment_complete_flow_Cash</p> 
                                                <p class="duration text-sm">0h 4m 13s+398ms</p> 
                                                <span class="datetime">13:28:17 PM</span>
                                            </div>
                                        </div>
                                        <div class="test-contents d-none">
                                            <div class="detail-head">
                                                <div class="p-v-10 d-inline-block"> 
                                                    <div class="info">
                                                        <h5 class="test-status text-fail">Student_payment_complete_flow_Cash</h5>
                                                        <span class='badge badge-success'>04.05.2024 13:28:17</span>
                                                        <span class='badge badge-danger'>04.05.2024 13:32:30</span>
                                                        <span class='badge badge-default'>0h 4m 13s+398ms</span>
                                                    </div>
                                                    <div class="m-t-10 m-l-5">
                                                        
                                                    </div>
                                                </div>
                                            </div>
<div class="detail-body mt-4">                                              
<table class="table table-sm">
	<thead><tr>
		<th class="status-col">Status</th>
		<th class="timestamp-col">Timestamp</th>
		<th class="details-col">Details</th>
	</tr></thead>
	<tbody>
			<tr class="event-row">
				<td><i class="fa fa-times text-fail"></i></td>
				<td>1:32:30 PM</td>
				<td>
						<span class='badge white-text red'><span style='color: black;'>Test is Fail</span><br><pre style='border: 1px solid red; padding: 10px; color: black; background-color: red; font-weight: bold;'>Student Enquiry ID :NARE247645
Payment Mode :Cash
Refugio with NAREB4A056 is successfully enrolled to MBA_Batch
Receipt No: NANA24A0004
Student ID: NAREB4A056
</pre></span>
				</td>
			</tr>
			<tr class="event-row">
				<td><i class="fa fa-times text-fail"></i></td>
				<td>1:32:30 PM</td>
				<td>
						<textarea disabled class="code-block">org.openqa.selenium.ElementClickInterceptedException: element click intercepted: Element <div class="mat-select-arrow-wrapper ng-tns-c247-41">...</div> is not clickable at point (504, 303). Other element would receive the click: <div class="swal2-success-circular-line-left" style="background-color: rgb(255, 255, 255);"></div>
  (Session info: chrome=123.0.6312.86)
Build info: version: '3.141.59', revision: 'e82be7d358', time: '2018-11-14T08:17:03'
System info: host: 'LAPTOP-A2U9APN6', ip: '192.168.0.127', os.name: 'Windows 11', os.arch: 'amd64', os.version: '10.0', java.version: '11.0.20'
Driver info: org.openqa.selenium.chrome.ChromeDriver
Capabilities {acceptInsecureCerts: false, browserName: chrome, browserVersion: 123.0.6312.86, chrome: {chromedriverVersion: 123.0.6312.58 (6b4b19e9dfbb..., userDataDir: C:\WINDOWS\SystemTemp\scope...}, fedcm:accounts: true, goog:chromeOptions: {debuggerAddress: localhost:53500}, javascriptEnabled: true, networkConnectionEnabled: false, pageLoadStrategy: normal, platform: WINDOWS, platformName: WINDOWS, proxy: Proxy(), setWindowRect: true, strictFileInteractability: false, timeouts: {implicit: 0, pageLoad: 300000, script: 30000}, unhandledPromptBehavior: dismiss and notify, webauthn:extension:credBlob: true, webauthn:extension:largeBlob: true, webauthn:extension:minPinLength: true, webauthn:extension:prf: true, webauthn:virtualAuthenticators: true}
Session ID: 49512fba156f37f84ebd2e6d0f6fe3bf
	at java.base/jdk.internal.reflect.NativeConstructorAccessorImpl.newInstance0(Native Method)
	at java.base/jdk.internal.reflect.NativeConstructorAccessorImpl.newInstance(NativeConstructorAccessorImpl.java:62)
	at java.base/jdk.internal.reflect.DelegatingConstructorAccessorImpl.newInstance(DelegatingConstructorAccessorImpl.java:45)
	at java.base/java.lang.reflect.Constructor.newInstance(Constructor.java:490)
	at org.openqa.selenium.remote.http.W3CHttpResponseCodec.createException(W3CHttpResponseCodec.java:187)
	at org.openqa.selenium.remote.http.W3CHttpResponseCodec.decode(W3CHttpResponseCodec.java:122)
	at org.openqa.selenium.remote.http.W3CHttpResponseCodec.decode(W3CHttpResponseCodec.java:49)
	at org.openqa.selenium.remote.HttpCommandExecutor.execute(HttpCommandExecutor.java:158)
	at org.openqa.selenium.remote.service.DriverCommandExecutor.execute(DriverCommandExecutor.java:83)
	at org.openqa.selenium.remote.RemoteWebDriver.execute(RemoteWebDriver.java:552)
	at org.openqa.selenium.remote.RemoteWebElement.execute(RemoteWebElement.java:285)
	at org.openqa.selenium.remote.RemoteWebElement.click(RemoteWebElement.java:84)
	at All_Flows.Student_Fresh_subpayment_complete_flow_Cash.Student_payment_complete_flow_Cash(Student_Fresh_subpayment_complete_flow_Cash.java:660)
	at java.base/jdk.internal.reflect.NativeMethodAccessorImpl.invoke0(Native Method)
	at java.base/jdk.internal.reflect.NativeMethodAccessorImpl.invoke(NativeMethodAccessorImpl.java:62)
	at java.base/jdk.internal.reflect.DelegatingMethodAccessorImpl.invoke(DelegatingMethodAccessorImpl.java:43)
	at java.base/java.lang.reflect.Method.invoke(Method.java:566)
	at org.testng.internal.MethodInvocationHelper.invokeMethod(MethodInvocationHelper.java:133)
	at org.testng.internal.TestInvoker.invokeMethod(TestInvoker.java:598)
	at org.testng.internal.TestInvoker.invokeTestMethod(TestInvoker.java:173)
	at org.testng.internal.MethodRunner.runInSequence(MethodRunner.java:46)
	at org.testng.internal.TestInvoker$MethodInvocationAgent.invoke(TestInvoker.java:824)
	at org.testng.internal.TestInvoker.invokeTestMethods(TestInvoker.java:146)
	at org.testng.internal.TestMethodWorker.invokeTestMethods(TestMethodWorker.java:146)
	at org.testng.internal.TestMethodWorker.run(TestMethodWorker.java:128)
	at java.base/java.util.ArrayList.forEach(ArrayList.java:1541)
	at org.testng.TestRunner.privateRun(TestRunner.java:794)
	at org.testng.TestRunner.run(TestRunner.java:596)
	at org.testng.SuiteRunner.runTest(SuiteRunner.java:377)
	at org.testng.SuiteRunner.runSequentially(SuiteRunner.java:371)
	at org.testng.SuiteRunner.privateRun(SuiteRunner.java:332)
	at org.testng.SuiteRunner.run(SuiteRunner.java:276)
	at org.testng.SuiteRunnerWorker.runSuite(SuiteRunnerWorker.java:53)
	at org.testng.SuiteRunnerWorker.run(SuiteRunnerWorker.java:96)
	at org.testng.TestNG.runSuitesSequentially(TestNG.java:1212)
	at org.testng.TestNG.runSuitesLocally(TestNG.java:1134)
	at org.testng.TestNG.runSuites(TestNG.java:1063)
	at org.testng.TestNG.run(TestNG.java:1031)
	at org.apache.maven.surefire.testng.TestNGExecutor.run(TestNGExecutor.java:283)
	at org.apache.maven.surefire.testng.TestNGXmlTestSuite.execute(TestNGXmlTestSuite.java:75)
	at org.apache.maven.surefire.testng.TestNGProvider.invoke(TestNGProvider.java:120)
	at org.apache.maven.surefire.booter.ForkedBooter.invokeProviderInSameClassLoader(ForkedBooter.java:384)
	at org.apache.maven.surefire.booter.ForkedBooter.runSuitesInProcess(ForkedBooter.java:345)
	at org.apache.maven.surefire.booter.ForkedBooter.execute(ForkedBooter.java:126)
	at org.apache.maven.surefire.booter.ForkedBooter.main(ForkedBooter.java:418)
</textarea>
				</td>
			</tr>
	</tbody>
</table>
</div>
<div class="detail-foot">
	<ul class="attachments">
		<li>
			<a href="C:\selenium\TEEMS_3.0//Repots//index.html05_04_2024_13_04_30.png" data-featherlight="image">
				<div class="file-icon">
					<i class="fa fa-file-image-o"></i> 
				</div>
				<div class="file-info">
					<span class="file-name">index.html05_04_2024_13_04_30.png</span>
					<span class="file-size"> 61,469Kb</span>
				</div>
			</a>
		</li>
	</ul>
</div>
                                        </div>
                                    </li>
                                    <li class="test-item"  status="fail" test-id="2"
                                            author=""
                                            tag=""
                                            device="">
                                        <div class="status-avatar fail-bg">
                                            <i class="fa fa-times text-white"></i>
                                        </div>
                                        <div class="open-test">
                                            <div class="test-detail"> 
                                                <p class="name">Student_payment_complete_flow_credit_card</p> 
                                                <p class="duration text-sm">0h 4m 9s+418ms</p> 
                                                <span class="datetime">13:32:53 PM</span>
                                            </div>
                                        </div>
                                        <div class="test-contents d-none">
                                            <div class="detail-head">
                                                <div class="p-v-10 d-inline-block"> 
                                                    <div class="info">
                                                        <h5 class="test-status text-fail">Student_payment_complete_flow_credit_card</h5>
                                                        <span class='badge badge-success'>04.05.2024 13:32:53</span>
                                                        <span class='badge badge-danger'>04.05.2024 13:37:02</span>
                                                        <span class='badge badge-default'>0h 4m 9s+418ms</span>
                                                    </div>
                                                    <div class="m-t-10 m-l-5">
                                                        
                                                    </div>
                                                </div>
                                            </div>
<div class="detail-body mt-4">                                              
<table class="table table-sm">
	<thead><tr>
		<th class="status-col">Status</th>
		<th class="timestamp-col">Timestamp</th>
		<th class="details-col">Details</th>
	</tr></thead>
	<tbody>
			<tr class="event-row">
				<td><i class="fa fa-times text-fail"></i></td>
				<td>1:37:02 PM</td>
				<td>
						<span class='badge white-text red'><span style='color: black;'>Test is Fail</span><br><pre style='border: 1px solid red; padding: 10px; color: black; background-color: red; font-weight: bold;'>Student Enquiry ID :NARE247646
Payment Mode :Credit Card
Yesenia with NAREB4A057 is successfully enrolled to MBA_Batch
Receipt No: NANA24C0001
Student ID: NAREB4A057
</pre></span>
				</td>
			</tr>
			<tr class="event-row">
				<td><i class="fa fa-times text-fail"></i></td>
				<td>1:37:02 PM</td>
				<td>
						<textarea disabled class="code-block">org.openqa.selenium.ElementClickInterceptedException: element click intercepted: Element <div class="mat-select-arrow-wrapper ng-tns-c247-41">...</div> is not clickable at point (504, 303). Other element would receive the click: <div class="swal2-success-circular-line-left" style="background-color: rgb(255, 255, 255);"></div>
  (Session info: chrome=123.0.6312.86)
Build info: version: '3.141.59', revision: 'e82be7d358', time: '2018-11-14T08:17:03'
System info: host: 'LAPTOP-A2U9APN6', ip: '192.168.0.127', os.name: 'Windows 11', os.arch: 'amd64', os.version: '10.0', java.version: '11.0.20'
Driver info: org.openqa.selenium.chrome.ChromeDriver
Capabilities {acceptInsecureCerts: false, browserName: chrome, browserVersion: 123.0.6312.86, chrome: {chromedriverVersion: 123.0.6312.58 (6b4b19e9dfbb..., userDataDir: C:\WINDOWS\SystemTemp\scope...}, fedcm:accounts: true, goog:chromeOptions: {debuggerAddress: localhost:53605}, javascriptEnabled: true, networkConnectionEnabled: false, pageLoadStrategy: normal, platform: WINDOWS, platformName: WINDOWS, proxy: Proxy(), setWindowRect: true, strictFileInteractability: false, timeouts: {implicit: 0, pageLoad: 300000, script: 30000}, unhandledPromptBehavior: dismiss and notify, webauthn:extension:credBlob: true, webauthn:extension:largeBlob: true, webauthn:extension:minPinLength: true, webauthn:extension:prf: true, webauthn:virtualAuthenticators: true}
Session ID: 856b86837a120d853248233aad55c455
	at java.base/jdk.internal.reflect.NativeConstructorAccessorImpl.newInstance0(Native Method)
	at java.base/jdk.internal.reflect.NativeConstructorAccessorImpl.newInstance(NativeConstructorAccessorImpl.java:62)
	at java.base/jdk.internal.reflect.DelegatingConstructorAccessorImpl.newInstance(DelegatingConstructorAccessorImpl.java:45)
	at java.base/java.lang.reflect.Constructor.newInstance(Constructor.java:490)
	at org.openqa.selenium.remote.http.W3CHttpResponseCodec.createException(W3CHttpResponseCodec.java:187)
	at org.openqa.selenium.remote.http.W3CHttpResponseCodec.decode(W3CHttpResponseCodec.java:122)
	at org.openqa.selenium.remote.http.W3CHttpResponseCodec.decode(W3CHttpResponseCodec.java:49)
	at org.openqa.selenium.remote.HttpCommandExecutor.execute(HttpCommandExecutor.java:158)
	at org.openqa.selenium.remote.service.DriverCommandExecutor.execute(DriverCommandExecutor.java:83)
	at org.openqa.selenium.remote.RemoteWebDriver.execute(RemoteWebDriver.java:552)
	at org.openqa.selenium.remote.RemoteWebElement.execute(RemoteWebElement.java:285)
	at org.openqa.selenium.remote.RemoteWebElement.click(RemoteWebElement.java:84)
	at All_Flows.Student_Fresh_subpayment_complete_flow_credit_card.Student_payment_complete_flow_credit_card(Student_Fresh_subpayment_complete_flow_credit_card.java:660)
	at java.base/jdk.internal.reflect.NativeMethodAccessorImpl.invoke0(Native Method)
	at java.base/jdk.internal.reflect.NativeMethodAccessorImpl.invoke(NativeMethodAccessorImpl.java:62)
	at java.base/jdk.internal.reflect.DelegatingMethodAccessorImpl.invoke(DelegatingMethodAccessorImpl.java:43)
	at java.base/java.lang.reflect.Method.invoke(Method.java:566)
	at org.testng.internal.MethodInvocationHelper.invokeMethod(MethodInvocationHelper.java:133)
	at org.testng.internal.TestInvoker.invokeMethod(TestInvoker.java:598)
	at org.testng.internal.TestInvoker.invokeTestMethod(TestInvoker.java:173)
	at org.testng.internal.MethodRunner.runInSequence(MethodRunner.java:46)
	at org.testng.internal.TestInvoker$MethodInvocationAgent.invoke(TestInvoker.java:824)
	at org.testng.internal.TestInvoker.invokeTestMethods(TestInvoker.java:146)
	at org.testng.internal.TestMethodWorker.invokeTestMethods(TestMethodWorker.java:146)
	at org.testng.internal.TestMethodWorker.run(TestMethodWorker.java:128)
	at java.base/java.util.ArrayList.forEach(ArrayList.java:1541)
	at org.testng.TestRunner.privateRun(TestRunner.java:794)
	at org.testng.TestRunner.run(TestRunner.java:596)
	at org.testng.SuiteRunner.runTest(SuiteRunner.java:377)
	at org.testng.SuiteRunner.runSequentially(SuiteRunner.java:371)
	at org.testng.SuiteRunner.privateRun(SuiteRunner.java:332)
	at org.testng.SuiteRunner.run(SuiteRunner.java:276)
	at org.testng.SuiteRunnerWorker.runSuite(SuiteRunnerWorker.java:53)
	at org.testng.SuiteRunnerWorker.run(SuiteRunnerWorker.java:96)
	at org.testng.TestNG.runSuitesSequentially(TestNG.java:1212)
	at org.testng.TestNG.runSuitesLocally(TestNG.java:1134)
	at org.testng.TestNG.runSuites(TestNG.java:1063)
	at org.testng.TestNG.run(TestNG.java:1031)
	at org.apache.maven.surefire.testng.TestNGExecutor.run(TestNGExecutor.java:283)
	at org.apache.maven.surefire.testng.TestNGXmlTestSuite.execute(TestNGXmlTestSuite.java:75)
	at org.apache.maven.surefire.testng.TestNGProvider.invoke(TestNGProvider.java:120)
	at org.apache.maven.surefire.booter.ForkedBooter.invokeProviderInSameClassLoader(ForkedBooter.java:384)
	at org.apache.maven.surefire.booter.ForkedBooter.runSuitesInProcess(ForkedBooter.java:345)
	at org.apache.maven.surefire.booter.ForkedBooter.execute(ForkedBooter.java:126)
	at org.apache.maven.surefire.booter.ForkedBooter.main(ForkedBooter.java:418)
</textarea>
				</td>
			</tr>
	</tbody>
</table>
</div>
<div class="detail-foot">
	<ul class="attachments">
		<li>
			<a href="C:\selenium\TEEMS_3.0//Repots//index.html05_04_2024_13_04_02.png" data-featherlight="image">
				<div class="file-icon">
					<i class="fa fa-file-image-o"></i> 
				</div>
				<div class="file-info">
					<span class="file-name">index.html05_04_2024_13_04_02.png</span>
					<span class="file-size"> 61,469Kb</span>
				</div>
			</a>
		</li>
	</ul>
</div>
                                        </div>
                                    </li>
                                    <li class="test-item"  status="fail" test-id="3"
                                            author=""
                                            tag=""
                                            device="">
                                        <div class="status-avatar fail-bg">
                                            <i class="fa fa-times text-white"></i>
                                        </div>
                                        <div class="open-test">
                                            <div class="test-detail"> 
                                                <p class="name">Student_payment_complete_flow_DD_Cheque</p> 
                                                <p class="duration text-sm">0h 3m 28s+195ms</p> 
                                                <span class="datetime">13:37:25 PM</span>
                                            </div>
                                        </div>
                                        <div class="test-contents d-none">
                                            <div class="detail-head">
                                                <div class="p-v-10 d-inline-block"> 
                                                    <div class="info">
                                                        <h5 class="test-status text-fail">Student_payment_complete_flow_DD_Cheque</h5>
                                                        <span class='badge badge-success'>04.05.2024 13:37:25</span>
                                                        <span class='badge badge-danger'>04.05.2024 13:40:54</span>
                                                        <span class='badge badge-default'>0h 3m 28s+195ms</span>
                                                    </div>
                                                    <div class="m-t-10 m-l-5">
                                                        
                                                    </div>
                                                </div>
                                            </div>
<div class="detail-body mt-4">                                              
<table class="table table-sm">
	<thead><tr>
		<th class="status-col">Status</th>
		<th class="timestamp-col">Timestamp</th>
		<th class="details-col">Details</th>
	</tr></thead>
	<tbody>
			<tr class="event-row">
				<td><i class="fa fa-times text-fail"></i></td>
				<td>1:40:54 PM</td>
				<td>
						<span class='badge white-text red'><span style='color: black;'>Test is Fail</span><br><pre style='border: 1px solid red; padding: 10px; color: black; background-color: red; font-weight: bold;'>Student Enquiry ID :NARE247647
Payment Mode :DD/Cheque
</pre></span>
				</td>
			</tr>
			<tr class="event-row">
				<td><i class="fa fa-times text-fail"></i></td>
				<td>1:40:54 PM</td>
				<td>
						<textarea disabled class="code-block">org.openqa.selenium.NoSuchElementException: no such element: Unable to locate element: {"method":"xpath","selector":"/html/body/app-root/app-main-layout/app-individualf/section/div/div[2]/div/div/div/mat-tab-group/div/mat-tab-body[1]/div/div/div/mat-vertical-stepper/div[3]/div/div/div/form/div[1]/div[2]/div[3]/mat-form-field/div/div[1]/div[3]/mat-select/div/div[2]"}
  (Session info: chrome=123.0.6312.86)
For documentation on this error, please visit: https://www.seleniumhq.org/exceptions/no_such_element.html
Build info: version: '3.141.59', revision: 'e82be7d358', time: '2018-11-14T08:17:03'
System info: host: 'LAPTOP-A2U9APN6', ip: '192.168.0.127', os.name: 'Windows 11', os.arch: 'amd64', os.version: '10.0', java.version: '11.0.20'
Driver info: org.openqa.selenium.chrome.ChromeDriver
Capabilities {acceptInsecureCerts: false, browserName: chrome, browserVersion: 123.0.6312.86, chrome: {chromedriverVersion: 123.0.6312.58 (6b4b19e9dfbb..., userDataDir: C:\WINDOWS\SystemTemp\scope...}, fedcm:accounts: true, goog:chromeOptions: {debuggerAddress: localhost:53695}, javascriptEnabled: true, networkConnectionEnabled: false, pageLoadStrategy: normal, platform: WINDOWS, platformName: WINDOWS, proxy: Proxy(), setWindowRect: true, strictFileInteractability: false, timeouts: {implicit: 0, pageLoad: 300000, script: 30000}, unhandledPromptBehavior: dismiss and notify, webauthn:extension:credBlob: true, webauthn:extension:largeBlob: true, webauthn:extension:minPinLength: true, webauthn:extension:prf: true, webauthn:virtualAuthenticators: true}
Session ID: f48f1ff0ddbb19d84a6122ca8eb3fae8
*** Element info: {Using=xpath, value=/html/body/app-root/app-main-layout/app-individualf/section/div/div[2]/div/div/div/mat-tab-group/div/mat-tab-body[1]/div/div/div/mat-vertical-stepper/div[3]/div/div/div/form/div[1]/div[2]/div[3]/mat-form-field/div/div[1]/div[3]/mat-select/div/div[2]}
	at java.base/jdk.internal.reflect.NativeConstructorAccessorImpl.newInstance0(Native Method)
	at java.base/jdk.internal.reflect.NativeConstructorAccessorImpl.newInstance(NativeConstructorAccessorImpl.java:62)
	at java.base/jdk.internal.reflect.DelegatingConstructorAccessorImpl.newInstance(DelegatingConstructorAccessorImpl.java:45)
	at java.base/java.lang.reflect.Constructor.newInstance(Constructor.java:490)
	at org.openqa.selenium.remote.http.W3CHttpResponseCodec.createException(W3CHttpResponseCodec.java:187)
	at org.openqa.selenium.remote.http.W3CHttpResponseCodec.decode(W3CHttpResponseCodec.java:122)
	at org.openqa.selenium.remote.http.W3CHttpResponseCodec.decode(W3CHttpResponseCodec.java:49)
	at org.openqa.selenium.remote.HttpCommandExecutor.execute(HttpCommandExecutor.java:158)
	at org.openqa.selenium.remote.service.DriverCommandExecutor.execute(DriverCommandExecutor.java:83)
	at org.openqa.selenium.remote.RemoteWebDriver.execute(RemoteWebDriver.java:552)
	at org.openqa.selenium.remote.RemoteWebDriver.findElement(RemoteWebDriver.java:323)
	at org.openqa.selenium.remote.RemoteWebDriver.findElementByXPath(RemoteWebDriver.java:428)
	at org.openqa.selenium.By$ByXPath.findElement(By.java:353)
	at org.openqa.selenium.remote.RemoteWebDriver.findElement(RemoteWebDriver.java:315)
	at All_Flows.Student_Fresh_subpayment_complete_flow_dd_cheque.Student_payment_complete_flow_DD_Cheque(Student_Fresh_subpayment_complete_flow_dd_cheque.java:459)
	at java.base/jdk.internal.reflect.NativeMethodAccessorImpl.invoke0(Native Method)
	at java.base/jdk.internal.reflect.NativeMethodAccessorImpl.invoke(NativeMethodAccessorImpl.java:62)
	at java.base/jdk.internal.reflect.DelegatingMethodAccessorImpl.invoke(DelegatingMethodAccessorImpl.java:43)
	at java.base/java.lang.reflect.Method.invoke(Method.java:566)
	at org.testng.internal.MethodInvocationHelper.invokeMethod(MethodInvocationHelper.java:133)
	at org.testng.internal.TestInvoker.invokeMethod(TestInvoker.java:598)
	at org.testng.internal.TestInvoker.invokeTestMethod(TestInvoker.java:173)
	at org.testng.internal.MethodRunner.runInSequence(MethodRunner.java:46)
	at org.testng.internal.TestInvoker$MethodInvocationAgent.invoke(TestInvoker.java:824)
	at org.testng.internal.TestInvoker.invokeTestMethods(TestInvoker.java:146)
	at org.testng.internal.TestMethodWorker.invokeTestMethods(TestMethodWorker.java:146)
	at org.testng.internal.TestMethodWorker.run(TestMethodWorker.java:128)
	at java.base/java.util.ArrayList.forEach(ArrayList.java:1541)
	at org.testng.TestRunner.privateRun(TestRunner.java:794)
	at org.testng.TestRunner.run(TestRunner.java:596)
	at org.testng.SuiteRunner.runTest(SuiteRunner.java:377)
	at org.testng.SuiteRunner.runSequentially(SuiteRunner.java:371)
	at org.testng.SuiteRunner.privateRun(SuiteRunner.java:332)
	at org.testng.SuiteRunner.run(SuiteRunner.java:276)
	at org.testng.SuiteRunnerWorker.runSuite(SuiteRunnerWorker.java:53)
	at org.testng.SuiteRunnerWorker.run(SuiteRunnerWorker.java:96)
	at org.testng.TestNG.runSuitesSequentially(TestNG.java:1212)
	at org.testng.TestNG.runSuitesLocally(TestNG.java:1134)
	at org.testng.TestNG.runSuites(TestNG.java:1063)
	at org.testng.TestNG.run(TestNG.java:1031)
	at org.apache.maven.surefire.testng.TestNGExecutor.run(TestNGExecutor.java:283)
	at org.apache.maven.surefire.testng.TestNGXmlTestSuite.execute(TestNGXmlTestSuite.java:75)
	at org.apache.maven.surefire.testng.TestNGProvider.invoke(TestNGProvider.java:120)
	at org.apache.maven.surefire.booter.ForkedBooter.invokeProviderInSameClassLoader(ForkedBooter.java:384)
	at org.apache.maven.surefire.booter.ForkedBooter.runSuitesInProcess(ForkedBooter.java:345)
	at org.apache.maven.surefire.booter.ForkedBooter.execute(ForkedBooter.java:126)
	at org.apache.maven.surefire.booter.ForkedBooter.main(ForkedBooter.java:418)
</textarea>
				</td>
			</tr>
	</tbody>
</table>
</div>
<div class="detail-foot">
	<ul class="attachments">
		<li>
			<a href="C:\selenium\TEEMS_3.0//Repots//index.html05_04_2024_13_04_54.png" data-featherlight="image">
				<div class="file-icon">
					<i class="fa fa-file-image-o"></i> 
				</div>
				<div class="file-info">
					<span class="file-name">index.html05_04_2024_13_04_54.png</span>
					<span class="file-size"> 43,377Kb</span>
				</div>
			</a>
		</li>
	</ul>
</div>
                                        </div>
                                    </li>
                                    <li class="test-item"  status="fail" test-id="4"
                                            author=""
                                            tag=""
                                            device="">
                                        <div class="status-avatar fail-bg">
                                            <i class="fa fa-times text-white"></i>
                                        </div>
                                        <div class="open-test">
                                            <div class="test-detail"> 
                                                <p class="name">Student_payment_complete_flow_DRCT_TNFR_BNK</p> 
                                                <p class="duration text-sm">0h 4m 17s+542ms</p> 
                                                <span class="datetime">13:41:18 PM</span>
                                            </div>
                                        </div>
                                        <div class="test-contents d-none">
                                            <div class="detail-head">
                                                <div class="p-v-10 d-inline-block"> 
                                                    <div class="info">
                                                        <h5 class="test-status text-fail">Student_payment_complete_flow_DRCT_TNFR_BNK</h5>
                                                        <span class='badge badge-success'>04.05.2024 13:41:18</span>
                                                        <span class='badge badge-danger'>04.05.2024 13:45:36</span>
                                                        <span class='badge badge-default'>0h 4m 17s+542ms</span>
                                                    </div>
                                                    <div class="m-t-10 m-l-5">
                                                        
                                                    </div>
                                                </div>
                                            </div>
<div class="detail-body mt-4">                                              
<table class="table table-sm">
	<thead><tr>
		<th class="status-col">Status</th>
		<th class="timestamp-col">Timestamp</th>
		<th class="details-col">Details</th>
	</tr></thead>
	<tbody>
			<tr class="event-row">
				<td><i class="fa fa-times text-fail"></i></td>
				<td>1:45:35 PM</td>
				<td>
						<span class='badge white-text red'><span style='color: black;'>Test is Fail</span><br><pre style='border: 1px solid red; padding: 10px; color: black; background-color: red; font-weight: bold;'>Student Enquiry ID :NARE247648
Payment Mode :Direct Transfer to Bank
Abe with NAREB4A058 is successfully enrolled to MBA_Batch
Receipt No: NANA24D0054
Student ID: NAREB4A058
</pre></span>
				</td>
			</tr>
			<tr class="event-row">
				<td><i class="fa fa-times text-fail"></i></td>
				<td>1:45:36 PM</td>
				<td>
						<textarea disabled class="code-block">org.openqa.selenium.ElementClickInterceptedException: element click intercepted: Element <div class="mat-select-arrow-wrapper ng-tns-c247-41">...</div> is not clickable at point (504, 303). Other element would receive the click: <div class="swal2-success-circular-line-left" style="background-color: rgb(255, 255, 255);"></div>
  (Session info: chrome=123.0.6312.86)
Build info: version: '3.141.59', revision: 'e82be7d358', time: '2018-11-14T08:17:03'
System info: host: 'LAPTOP-A2U9APN6', ip: '192.168.0.127', os.name: 'Windows 11', os.arch: 'amd64', os.version: '10.0', java.version: '11.0.20'
Driver info: org.openqa.selenium.chrome.ChromeDriver
Capabilities {acceptInsecureCerts: false, browserName: chrome, browserVersion: 123.0.6312.86, chrome: {chromedriverVersion: 123.0.6312.58 (6b4b19e9dfbb..., userDataDir: C:\WINDOWS\SystemTemp\scope...}, fedcm:accounts: true, goog:chromeOptions: {debuggerAddress: localhost:53775}, javascriptEnabled: true, networkConnectionEnabled: false, pageLoadStrategy: normal, platform: WINDOWS, platformName: WINDOWS, proxy: Proxy(), setWindowRect: true, strictFileInteractability: false, timeouts: {implicit: 0, pageLoad: 300000, script: 30000}, unhandledPromptBehavior: dismiss and notify, webauthn:extension:credBlob: true, webauthn:extension:largeBlob: true, webauthn:extension:minPinLength: true, webauthn:extension:prf: true, webauthn:virtualAuthenticators: true}
Session ID: 88113c280da80f91e146d0e4b508ccb0
	at java.base/jdk.internal.reflect.NativeConstructorAccessorImpl.newInstance0(Native Method)
	at java.base/jdk.internal.reflect.NativeConstructorAccessorImpl.newInstance(NativeConstructorAccessorImpl.java:62)
	at java.base/jdk.internal.reflect.DelegatingConstructorAccessorImpl.newInstance(DelegatingConstructorAccessorImpl.java:45)
	at java.base/java.lang.reflect.Constructor.newInstance(Constructor.java:490)
	at org.openqa.selenium.remote.http.W3CHttpResponseCodec.createException(W3CHttpResponseCodec.java:187)
	at org.openqa.selenium.remote.http.W3CHttpResponseCodec.decode(W3CHttpResponseCodec.java:122)
	at org.openqa.selenium.remote.http.W3CHttpResponseCodec.decode(W3CHttpResponseCodec.java:49)
	at org.openqa.selenium.remote.HttpCommandExecutor.execute(HttpCommandExecutor.java:158)
	at org.openqa.selenium.remote.service.DriverCommandExecutor.execute(DriverCommandExecutor.java:83)
	at org.openqa.selenium.remote.RemoteWebDriver.execute(RemoteWebDriver.java:552)
	at org.openqa.selenium.remote.RemoteWebElement.execute(RemoteWebElement.java:285)
	at org.openqa.selenium.remote.RemoteWebElement.click(RemoteWebElement.java:84)
	at All_Flows.Student_Fresh_subpayment_complete_flow_DRCT_TNFR_BNK.Student_payment_complete_flow_DRCT_TNFR_BNK(Student_Fresh_subpayment_complete_flow_DRCT_TNFR_BNK.java:660)
	at java.base/jdk.internal.reflect.NativeMethodAccessorImpl.invoke0(Native Method)
	at java.base/jdk.internal.reflect.NativeMethodAccessorImpl.invoke(NativeMethodAccessorImpl.java:62)
	at java.base/jdk.internal.reflect.DelegatingMethodAccessorImpl.invoke(DelegatingMethodAccessorImpl.java:43)
	at java.base/java.lang.reflect.Method.invoke(Method.java:566)
	at org.testng.internal.MethodInvocationHelper.invokeMethod(MethodInvocationHelper.java:133)
	at org.testng.internal.TestInvoker.invokeMethod(TestInvoker.java:598)
	at org.testng.internal.TestInvoker.invokeTestMethod(TestInvoker.java:173)
	at org.testng.internal.MethodRunner.runInSequence(MethodRunner.java:46)
	at org.testng.internal.TestInvoker$MethodInvocationAgent.invoke(TestInvoker.java:824)
	at org.testng.internal.TestInvoker.invokeTestMethods(TestInvoker.java:146)
	at org.testng.internal.TestMethodWorker.invokeTestMethods(TestMethodWorker.java:146)
	at org.testng.internal.TestMethodWorker.run(TestMethodWorker.java:128)
	at java.base/java.util.ArrayList.forEach(ArrayList.java:1541)
	at org.testng.TestRunner.privateRun(TestRunner.java:794)
	at org.testng.TestRunner.run(TestRunner.java:596)
	at org.testng.SuiteRunner.runTest(SuiteRunner.java:377)
	at org.testng.SuiteRunner.runSequentially(SuiteRunner.java:371)
	at org.testng.SuiteRunner.privateRun(SuiteRunner.java:332)
	at org.testng.SuiteRunner.run(SuiteRunner.java:276)
	at org.testng.SuiteRunnerWorker.runSuite(SuiteRunnerWorker.java:53)
	at org.testng.SuiteRunnerWorker.run(SuiteRunnerWorker.java:96)
	at org.testng.TestNG.runSuitesSequentially(TestNG.java:1212)
	at org.testng.TestNG.runSuitesLocally(TestNG.java:1134)
	at org.testng.TestNG.runSuites(TestNG.java:1063)
	at org.testng.TestNG.run(TestNG.java:1031)
	at org.apache.maven.surefire.testng.TestNGExecutor.run(TestNGExecutor.java:283)
	at org.apache.maven.surefire.testng.TestNGXmlTestSuite.execute(TestNGXmlTestSuite.java:75)
	at org.apache.maven.surefire.testng.TestNGProvider.invoke(TestNGProvider.java:120)
	at org.apache.maven.surefire.booter.ForkedBooter.invokeProviderInSameClassLoader(ForkedBooter.java:384)
	at org.apache.maven.surefire.booter.ForkedBooter.runSuitesInProcess(ForkedBooter.java:345)
	at org.apache.maven.surefire.booter.ForkedBooter.execute(ForkedBooter.java:126)
	at org.apache.maven.surefire.booter.ForkedBooter.main(ForkedBooter.java:418)
</textarea>
				</td>
			</tr>
	</tbody>
</table>
</div>
<div class="detail-foot">
	<ul class="attachments">
		<li>
			<a href="C:\selenium\TEEMS_3.0//Repots//index.html05_04_2024_13_04_36.png" data-featherlight="image">
				<div class="file-icon">
					<i class="fa fa-file-image-o"></i> 
				</div>
				<div class="file-info">
					<span class="file-name">index.html05_04_2024_13_04_36.png</span>
					<span class="file-size"> 61,469Kb</span>
				</div>
			</a>
		</li>
	</ul>
</div>
                                        </div>
                                    </li>
                                    <li class="test-item"  status="fail" test-id="5"
                                            author=""
                                            tag=""
                                            device="">
                                        <div class="status-avatar fail-bg">
                                            <i class="fa fa-times text-white"></i>
                                        </div>
                                        <div class="open-test">
                                            <div class="test-detail"> 
                                                <p class="name">Student_payment_complete_flow_NEFT</p> 
                                                <p class="duration text-sm">0h 4m 12s+116ms</p> 
                                                <span class="datetime">13:46:02 PM</span>
                                            </div>
                                        </div>
                                        <div class="test-contents d-none">
                                            <div class="detail-head">
                                                <div class="p-v-10 d-inline-block"> 
                                                    <div class="info">
                                                        <h5 class="test-status text-fail">Student_payment_complete_flow_NEFT</h5>
                                                        <span class='badge badge-success'>04.05.2024 13:46:02</span>
                                                        <span class='badge badge-danger'>04.05.2024 13:50:14</span>
                                                        <span class='badge badge-default'>0h 4m 12s+116ms</span>
                                                    </div>
                                                    <div class="m-t-10 m-l-5">
                                                        
                                                    </div>
                                                </div>
                                            </div>
<div class="detail-body mt-4">                                              
<table class="table table-sm">
	<thead><tr>
		<th class="status-col">Status</th>
		<th class="timestamp-col">Timestamp</th>
		<th class="details-col">Details</th>
	</tr></thead>
	<tbody>
			<tr class="event-row">
				<td><i class="fa fa-times text-fail"></i></td>
				<td>1:50:14 PM</td>
				<td>
						<span class='badge white-text red'><span style='color: black;'>Test is Fail</span><br><pre style='border: 1px solid red; padding: 10px; color: black; background-color: red; font-weight: bold;'>Student Enquiry ID :NARE247650
Payment Mode :NEFT
Lucio with NAREB4A059 is successfully enrolled to MBA_Batch
Receipt No: NANA24D0055
Student ID: NAREB4A059
</pre></span>
				</td>
			</tr>
			<tr class="event-row">
				<td><i class="fa fa-times text-fail"></i></td>
				<td>1:50:14 PM</td>
				<td>
						<textarea disabled class="code-block">org.openqa.selenium.ElementClickInterceptedException: element click intercepted: Element <div class="mat-select-arrow-wrapper ng-tns-c247-41">...</div> is not clickable at point (504, 303). Other element would receive the click: <div class="swal2-success-circular-line-left" style="background-color: rgb(255, 255, 255);"></div>
  (Session info: chrome=123.0.6312.86)
Build info: version: '3.141.59', revision: 'e82be7d358', time: '2018-11-14T08:17:03'
System info: host: 'LAPTOP-A2U9APN6', ip: '192.168.0.127', os.name: 'Windows 11', os.arch: 'amd64', os.version: '10.0', java.version: '11.0.20'
Driver info: org.openqa.selenium.chrome.ChromeDriver
Capabilities {acceptInsecureCerts: false, browserName: chrome, browserVersion: 123.0.6312.86, chrome: {chromedriverVersion: 123.0.6312.58 (6b4b19e9dfbb..., userDataDir: C:\WINDOWS\SystemTemp\scope...}, fedcm:accounts: true, goog:chromeOptions: {debuggerAddress: localhost:53871}, javascriptEnabled: true, networkConnectionEnabled: false, pageLoadStrategy: normal, platform: WINDOWS, platformName: WINDOWS, proxy: Proxy(), setWindowRect: true, strictFileInteractability: false, timeouts: {implicit: 0, pageLoad: 300000, script: 30000}, unhandledPromptBehavior: dismiss and notify, webauthn:extension:credBlob: true, webauthn:extension:largeBlob: true, webauthn:extension:minPinLength: true, webauthn:extension:prf: true, webauthn:virtualAuthenticators: true}
Session ID: 1f04ad6f9ea7d0f79df3e6c6d5dad8e0
	at java.base/jdk.internal.reflect.NativeConstructorAccessorImpl.newInstance0(Native Method)
	at java.base/jdk.internal.reflect.NativeConstructorAccessorImpl.newInstance(NativeConstructorAccessorImpl.java:62)
	at java.base/jdk.internal.reflect.DelegatingConstructorAccessorImpl.newInstance(DelegatingConstructorAccessorImpl.java:45)
	at java.base/java.lang.reflect.Constructor.newInstance(Constructor.java:490)
	at org.openqa.selenium.remote.http.W3CHttpResponseCodec.createException(W3CHttpResponseCodec.java:187)
	at org.openqa.selenium.remote.http.W3CHttpResponseCodec.decode(W3CHttpResponseCodec.java:122)
	at org.openqa.selenium.remote.http.W3CHttpResponseCodec.decode(W3CHttpResponseCodec.java:49)
	at org.openqa.selenium.remote.HttpCommandExecutor.execute(HttpCommandExecutor.java:158)
	at org.openqa.selenium.remote.service.DriverCommandExecutor.execute(DriverCommandExecutor.java:83)
	at org.openqa.selenium.remote.RemoteWebDriver.execute(RemoteWebDriver.java:552)
	at org.openqa.selenium.remote.RemoteWebElement.execute(RemoteWebElement.java:285)
	at org.openqa.selenium.remote.RemoteWebElement.click(RemoteWebElement.java:84)
	at All_Flows.Student_Fresh_subpayment_complete_flow_NEFT.Student_payment_complete_flow_NEFT(Student_Fresh_subpayment_complete_flow_NEFT.java:660)
	at java.base/jdk.internal.reflect.NativeMethodAccessorImpl.invoke0(Native Method)
	at java.base/jdk.internal.reflect.NativeMethodAccessorImpl.invoke(NativeMethodAccessorImpl.java:62)
	at java.base/jdk.internal.reflect.DelegatingMethodAccessorImpl.invoke(DelegatingMethodAccessorImpl.java:43)
	at java.base/java.lang.reflect.Method.invoke(Method.java:566)
	at org.testng.internal.MethodInvocationHelper.invokeMethod(MethodInvocationHelper.java:133)
	at org.testng.internal.TestInvoker.invokeMethod(TestInvoker.java:598)
	at org.testng.internal.TestInvoker.invokeTestMethod(TestInvoker.java:173)
	at org.testng.internal.MethodRunner.runInSequence(MethodRunner.java:46)
	at org.testng.internal.TestInvoker$MethodInvocationAgent.invoke(TestInvoker.java:824)
	at org.testng.internal.TestInvoker.invokeTestMethods(TestInvoker.java:146)
	at org.testng.internal.TestMethodWorker.invokeTestMethods(TestMethodWorker.java:146)
	at org.testng.internal.TestMethodWorker.run(TestMethodWorker.java:128)
	at java.base/java.util.ArrayList.forEach(ArrayList.java:1541)
	at org.testng.TestRunner.privateRun(TestRunner.java:794)
	at org.testng.TestRunner.run(TestRunner.java:596)
	at org.testng.SuiteRunner.runTest(SuiteRunner.java:377)
	at org.testng.SuiteRunner.runSequentially(SuiteRunner.java:371)
	at org.testng.SuiteRunner.privateRun(SuiteRunner.java:332)
	at org.testng.SuiteRunner.run(SuiteRunner.java:276)
	at org.testng.SuiteRunnerWorker.runSuite(SuiteRunnerWorker.java:53)
	at org.testng.SuiteRunnerWorker.run(SuiteRunnerWorker.java:96)
	at org.testng.TestNG.runSuitesSequentially(TestNG.java:1212)
	at org.testng.TestNG.runSuitesLocally(TestNG.java:1134)
	at org.testng.TestNG.runSuites(TestNG.java:1063)
	at org.testng.TestNG.run(TestNG.java:1031)
	at org.apache.maven.surefire.testng.TestNGExecutor.run(TestNGExecutor.java:283)
	at org.apache.maven.surefire.testng.TestNGXmlTestSuite.execute(TestNGXmlTestSuite.java:75)
	at org.apache.maven.surefire.testng.TestNGProvider.invoke(TestNGProvider.java:120)
	at org.apache.maven.surefire.booter.ForkedBooter.invokeProviderInSameClassLoader(ForkedBooter.java:384)
	at org.apache.maven.surefire.booter.ForkedBooter.runSuitesInProcess(ForkedBooter.java:345)
	at org.apache.maven.surefire.booter.ForkedBooter.execute(ForkedBooter.java:126)
	at org.apache.maven.surefire.booter.ForkedBooter.main(ForkedBooter.java:418)
</textarea>
				</td>
			</tr>
	</tbody>
</table>
</div>
<div class="detail-foot">
	<ul class="attachments">
		<li>
			<a href="C:\selenium\TEEMS_3.0//Repots//index.html05_04_2024_13_04_14.png" data-featherlight="image">
				<div class="file-icon">
					<i class="fa fa-file-image-o"></i> 
				</div>
				<div class="file-info">
					<span class="file-name">index.html05_04_2024_13_04_14.png</span>
					<span class="file-size"> 61,469Kb</span>
				</div>
			</a>
		</li>
	</ul>
</div>
                                        </div>
                                    </li>
                                    <li class="test-item"  status="fail" test-id="6"
                                            author=""
                                            tag=""
                                            device="">
                                        <div class="status-avatar fail-bg">
                                            <i class="fa fa-times text-white"></i>
                                        </div>
                                        <div class="open-test">
                                            <div class="test-detail"> 
                                                <p class="name">Student_payment_complete_flow_Others</p> 
                                                <p class="duration text-sm">0h 4m 7s+314ms</p> 
                                                <span class="datetime">13:50:38 PM</span>
                                            </div>
                                        </div>
                                        <div class="test-contents d-none">
                                            <div class="detail-head">
                                                <div class="p-v-10 d-inline-block"> 
                                                    <div class="info">
                                                        <h5 class="test-status text-fail">Student_payment_complete_flow_Others</h5>
                                                        <span class='badge badge-success'>04.05.2024 13:50:38</span>
                                                        <span class='badge badge-danger'>04.05.2024 13:54:45</span>
                                                        <span class='badge badge-default'>0h 4m 7s+314ms</span>
                                                    </div>
                                                    <div class="m-t-10 m-l-5">
                                                        
                                                    </div>
                                                </div>
                                            </div>
<div class="detail-body mt-4">                                              
<table class="table table-sm">
	<thead><tr>
		<th class="status-col">Status</th>
		<th class="timestamp-col">Timestamp</th>
		<th class="details-col">Details</th>
	</tr></thead>
	<tbody>
			<tr class="event-row">
				<td><i class="fa fa-times text-fail"></i></td>
				<td>1:54:45 PM</td>
				<td>
						<span class='badge white-text red'><span style='color: black;'>Test is Fail</span><br><pre style='border: 1px solid red; padding: 10px; color: black; background-color: red; font-weight: bold;'>Student Enquiry ID :NARE247652
Payment Mode :Others
Silva with NAREB4A060 is successfully enrolled to MBA_Batch
Receipt No: NANA24D0056
Student ID: NAREB4A060
</pre></span>
				</td>
			</tr>
			<tr class="event-row">
				<td><i class="fa fa-times text-fail"></i></td>
				<td>1:54:45 PM</td>
				<td>
						<textarea disabled class="code-block">org.openqa.selenium.ElementClickInterceptedException: element click intercepted: Element <div class="mat-select-arrow-wrapper ng-tns-c247-41">...</div> is not clickable at point (504, 303). Other element would receive the click: <div class="swal2-success-circular-line-left" style="background-color: rgb(255, 255, 255);"></div>
  (Session info: chrome=123.0.6312.86)
Build info: version: '3.141.59', revision: 'e82be7d358', time: '2018-11-14T08:17:03'
System info: host: 'LAPTOP-A2U9APN6', ip: '192.168.0.127', os.name: 'Windows 11', os.arch: 'amd64', os.version: '10.0', java.version: '11.0.20'
Driver info: org.openqa.selenium.chrome.ChromeDriver
Capabilities {acceptInsecureCerts: false, browserName: chrome, browserVersion: 123.0.6312.86, chrome: {chromedriverVersion: 123.0.6312.58 (6b4b19e9dfbb..., userDataDir: C:\WINDOWS\SystemTemp\scope...}, fedcm:accounts: true, goog:chromeOptions: {debuggerAddress: localhost:54014}, javascriptEnabled: true, networkConnectionEnabled: false, pageLoadStrategy: normal, platform: WINDOWS, platformName: WINDOWS, proxy: Proxy(), setWindowRect: true, strictFileInteractability: false, timeouts: {implicit: 0, pageLoad: 300000, script: 30000}, unhandledPromptBehavior: dismiss and notify, webauthn:extension:credBlob: true, webauthn:extension:largeBlob: true, webauthn:extension:minPinLength: true, webauthn:extension:prf: true, webauthn:virtualAuthenticators: true}
Session ID: a0bab18cdf916d69d9d2cdc181d2fa9a
	at java.base/jdk.internal.reflect.NativeConstructorAccessorImpl.newInstance0(Native Method)
	at java.base/jdk.internal.reflect.NativeConstructorAccessorImpl.newInstance(NativeConstructorAccessorImpl.java:62)
	at java.base/jdk.internal.reflect.DelegatingConstructorAccessorImpl.newInstance(DelegatingConstructorAccessorImpl.java:45)
	at java.base/java.lang.reflect.Constructor.newInstance(Constructor.java:490)
	at org.openqa.selenium.remote.http.W3CHttpResponseCodec.createException(W3CHttpResponseCodec.java:187)
	at org.openqa.selenium.remote.http.W3CHttpResponseCodec.decode(W3CHttpResponseCodec.java:122)
	at org.openqa.selenium.remote.http.W3CHttpResponseCodec.decode(W3CHttpResponseCodec.java:49)
	at org.openqa.selenium.remote.HttpCommandExecutor.execute(HttpCommandExecutor.java:158)
	at org.openqa.selenium.remote.service.DriverCommandExecutor.execute(DriverCommandExecutor.java:83)
	at org.openqa.selenium.remote.RemoteWebDriver.execute(RemoteWebDriver.java:552)
	at org.openqa.selenium.remote.RemoteWebElement.execute(RemoteWebElement.java:285)
	at org.openqa.selenium.remote.RemoteWebElement.click(RemoteWebElement.java:84)
	at All_Flows.Student_Fresh_subpayment_complete_flow_Others.Student_payment_complete_flow_Others(Student_Fresh_subpayment_complete_flow_Others.java:660)
	at java.base/jdk.internal.reflect.NativeMethodAccessorImpl.invoke0(Native Method)
	at java.base/jdk.internal.reflect.NativeMethodAccessorImpl.invoke(NativeMethodAccessorImpl.java:62)
	at java.base/jdk.internal.reflect.DelegatingMethodAccessorImpl.invoke(DelegatingMethodAccessorImpl.java:43)
	at java.base/java.lang.reflect.Method.invoke(Method.java:566)
	at org.testng.internal.MethodInvocationHelper.invokeMethod(MethodInvocationHelper.java:133)
	at org.testng.internal.TestInvoker.invokeMethod(TestInvoker.java:598)
	at org.testng.internal.TestInvoker.invokeTestMethod(TestInvoker.java:173)
	at org.testng.internal.MethodRunner.runInSequence(MethodRunner.java:46)
	at org.testng.internal.TestInvoker$MethodInvocationAgent.invoke(TestInvoker.java:824)
	at org.testng.internal.TestInvoker.invokeTestMethods(TestInvoker.java:146)
	at org.testng.internal.TestMethodWorker.invokeTestMethods(TestMethodWorker.java:146)
	at org.testng.internal.TestMethodWorker.run(TestMethodWorker.java:128)
	at java.base/java.util.ArrayList.forEach(ArrayList.java:1541)
	at org.testng.TestRunner.privateRun(TestRunner.java:794)
	at org.testng.TestRunner.run(TestRunner.java:596)
	at org.testng.SuiteRunner.runTest(SuiteRunner.java:377)
	at org.testng.SuiteRunner.runSequentially(SuiteRunner.java:371)
	at org.testng.SuiteRunner.privateRun(SuiteRunner.java:332)
	at org.testng.SuiteRunner.run(SuiteRunner.java:276)
	at org.testng.SuiteRunnerWorker.runSuite(SuiteRunnerWorker.java:53)
	at org.testng.SuiteRunnerWorker.run(SuiteRunnerWorker.java:96)
	at org.testng.TestNG.runSuitesSequentially(TestNG.java:1212)
	at org.testng.TestNG.runSuitesLocally(TestNG.java:1134)
	at org.testng.TestNG.runSuites(TestNG.java:1063)
	at org.testng.TestNG.run(TestNG.java:1031)
	at org.apache.maven.surefire.testng.TestNGExecutor.run(TestNGExecutor.java:283)
	at org.apache.maven.surefire.testng.TestNGXmlTestSuite.execute(TestNGXmlTestSuite.java:75)
	at org.apache.maven.surefire.testng.TestNGProvider.invoke(TestNGProvider.java:120)
	at org.apache.maven.surefire.booter.ForkedBooter.invokeProviderInSameClassLoader(ForkedBooter.java:384)
	at org.apache.maven.surefire.booter.ForkedBooter.runSuitesInProcess(ForkedBooter.java:345)
	at org.apache.maven.surefire.booter.ForkedBooter.execute(ForkedBooter.java:126)
	at org.apache.maven.surefire.booter.ForkedBooter.main(ForkedBooter.java:418)
</textarea>
				</td>
			</tr>
	</tbody>
</table>
</div>
<div class="detail-foot">
	<ul class="attachments">
		<li>
			<a href="C:\selenium\TEEMS_3.0//Repots//index.html05_04_2024_13_04_45.png" data-featherlight="image">
				<div class="file-icon">
					<i class="fa fa-file-image-o"></i> 
				</div>
				<div class="file-info">
					<span class="file-name">index.html05_04_2024_13_04_45.png</span>
					<span class="file-size"> 61,469Kb</span>
				</div>
			</a>
		</li>
	</ul>
</div>
                                        </div>
                                    </li>
                                    <li class="test-item"  status="fail" test-id="7"
                                            author=""
                                            tag=""
                                            device="">
                                        <div class="status-avatar fail-bg">
                                            <i class="fa fa-times text-white"></i>
                                        </div>
                                        <div class="open-test">
                                            <div class="test-detail"> 
                                                <p class="name">Student_payment_complete_flow_RTGS</p> 
                                                <p class="duration text-sm">0h 4m 10s+7ms</p> 
                                                <span class="datetime">13:55:11 PM</span>
                                            </div>
                                        </div>
                                        <div class="test-contents d-none">
                                            <div class="detail-head">
                                                <div class="p-v-10 d-inline-block"> 
                                                    <div class="info">
                                                        <h5 class="test-status text-fail">Student_payment_complete_flow_RTGS</h5>
                                                        <span class='badge badge-success'>04.05.2024 13:55:11</span>
                                                        <span class='badge badge-danger'>04.05.2024 13:59:22</span>
                                                        <span class='badge badge-default'>0h 4m 10s+7ms</span>
                                                    </div>
                                                    <div class="m-t-10 m-l-5">
                                                        
                                                    </div>
                                                </div>
                                            </div>
<div class="detail-body mt-4">                                              
<table class="table table-sm">
	<thead><tr>
		<th class="status-col">Status</th>
		<th class="timestamp-col">Timestamp</th>
		<th class="details-col">Details</th>
	</tr></thead>
	<tbody>
			<tr class="event-row">
				<td><i class="fa fa-times text-fail"></i></td>
				<td>1:59:21 PM</td>
				<td>
						<span class='badge white-text red'><span style='color: black;'>Test is Fail</span><br><pre style='border: 1px solid red; padding: 10px; color: black; background-color: red; font-weight: bold;'>Student Enquiry ID :NARE247654
Payment Mode :RTGS
Raymon with NAREB4A061 is successfully enrolled to MBA_Batch
Receipt No: NANA24D0057
Student ID: NAREB4A061
</pre></span>
				</td>
			</tr>
			<tr class="event-row">
				<td><i class="fa fa-times text-fail"></i></td>
				<td>1:59:22 PM</td>
				<td>
						<textarea disabled class="code-block">org.openqa.selenium.ElementClickInterceptedException: element click intercepted: Element <div class="mat-select-arrow-wrapper ng-tns-c247-41">...</div> is not clickable at point (504, 303). Other element would receive the click: <div class="swal2-success-circular-line-left" style="background-color: rgb(255, 255, 255);"></div>
  (Session info: chrome=123.0.6312.86)
Build info: version: '3.141.59', revision: 'e82be7d358', time: '2018-11-14T08:17:03'
System info: host: 'LAPTOP-A2U9APN6', ip: '192.168.0.127', os.name: 'Windows 11', os.arch: 'amd64', os.version: '10.0', java.version: '11.0.20'
Driver info: org.openqa.selenium.chrome.ChromeDriver
Capabilities {acceptInsecureCerts: false, browserName: chrome, browserVersion: 123.0.6312.86, chrome: {chromedriverVersion: 123.0.6312.58 (6b4b19e9dfbb..., userDataDir: C:\WINDOWS\SystemTemp\scope...}, fedcm:accounts: true, goog:chromeOptions: {debuggerAddress: localhost:54084}, javascriptEnabled: true, networkConnectionEnabled: false, pageLoadStrategy: normal, platform: WINDOWS, platformName: WINDOWS, proxy: Proxy(), setWindowRect: true, strictFileInteractability: false, timeouts: {implicit: 0, pageLoad: 300000, script: 30000}, unhandledPromptBehavior: dismiss and notify, webauthn:extension:credBlob: true, webauthn:extension:largeBlob: true, webauthn:extension:minPinLength: true, webauthn:extension:prf: true, webauthn:virtualAuthenticators: true}
Session ID: 5d80985e9cb348f347067fe07bc8388b
	at java.base/jdk.internal.reflect.NativeConstructorAccessorImpl.newInstance0(Native Method)
	at java.base/jdk.internal.reflect.NativeConstructorAccessorImpl.newInstance(NativeConstructorAccessorImpl.java:62)
	at java.base/jdk.internal.reflect.DelegatingConstructorAccessorImpl.newInstance(DelegatingConstructorAccessorImpl.java:45)
	at java.base/java.lang.reflect.Constructor.newInstance(Constructor.java:490)
	at org.openqa.selenium.remote.http.W3CHttpResponseCodec.createException(W3CHttpResponseCodec.java:187)
	at org.openqa.selenium.remote.http.W3CHttpResponseCodec.decode(W3CHttpResponseCodec.java:122)
	at org.openqa.selenium.remote.http.W3CHttpResponseCodec.decode(W3CHttpResponseCodec.java:49)
	at org.openqa.selenium.remote.HttpCommandExecutor.execute(HttpCommandExecutor.java:158)
	at org.openqa.selenium.remote.service.DriverCommandExecutor.execute(DriverCommandExecutor.java:83)
	at org.openqa.selenium.remote.RemoteWebDriver.execute(RemoteWebDriver.java:552)
	at org.openqa.selenium.remote.RemoteWebElement.execute(RemoteWebElement.java:285)
	at org.openqa.selenium.remote.RemoteWebElement.click(RemoteWebElement.java:84)
	at All_Flows.Student_Fresh_subpayment_complete_flow_RTGS.Student_payment_complete_flow_RTGS(Student_Fresh_subpayment_complete_flow_RTGS.java:660)
	at java.base/jdk.internal.reflect.NativeMethodAccessorImpl.invoke0(Native Method)
	at java.base/jdk.internal.reflect.NativeMethodAccessorImpl.invoke(NativeMethodAccessorImpl.java:62)
	at java.base/jdk.internal.reflect.DelegatingMethodAccessorImpl.invoke(DelegatingMethodAccessorImpl.java:43)
	at java.base/java.lang.reflect.Method.invoke(Method.java:566)
	at org.testng.internal.MethodInvocationHelper.invokeMethod(MethodInvocationHelper.java:133)
	at org.testng.internal.TestInvoker.invokeMethod(TestInvoker.java:598)
	at org.testng.internal.TestInvoker.invokeTestMethod(TestInvoker.java:173)
	at org.testng.internal.MethodRunner.runInSequence(MethodRunner.java:46)
	at org.testng.internal.TestInvoker$MethodInvocationAgent.invoke(TestInvoker.java:824)
	at org.testng.internal.TestInvoker.invokeTestMethods(TestInvoker.java:146)
	at org.testng.internal.TestMethodWorker.invokeTestMethods(TestMethodWorker.java:146)
	at org.testng.internal.TestMethodWorker.run(TestMethodWorker.java:128)
	at java.base/java.util.ArrayList.forEach(ArrayList.java:1541)
	at org.testng.TestRunner.privateRun(TestRunner.java:794)
	at org.testng.TestRunner.run(TestRunner.java:596)
	at org.testng.SuiteRunner.runTest(SuiteRunner.java:377)
	at org.testng.SuiteRunner.runSequentially(SuiteRunner.java:371)
	at org.testng.SuiteRunner.privateRun(SuiteRunner.java:332)
	at org.testng.SuiteRunner.run(SuiteRunner.java:276)
	at org.testng.SuiteRunnerWorker.runSuite(SuiteRunnerWorker.java:53)
	at org.testng.SuiteRunnerWorker.run(SuiteRunnerWorker.java:96)
	at org.testng.TestNG.runSuitesSequentially(TestNG.java:1212)
	at org.testng.TestNG.runSuitesLocally(TestNG.java:1134)
	at org.testng.TestNG.runSuites(TestNG.java:1063)
	at org.testng.TestNG.run(TestNG.java:1031)
	at org.apache.maven.surefire.testng.TestNGExecutor.run(TestNGExecutor.java:283)
	at org.apache.maven.surefire.testng.TestNGXmlTestSuite.execute(TestNGXmlTestSuite.java:75)
	at org.apache.maven.surefire.testng.TestNGProvider.invoke(TestNGProvider.java:120)
	at org.apache.maven.surefire.booter.ForkedBooter.invokeProviderInSameClassLoader(ForkedBooter.java:384)
	at org.apache.maven.surefire.booter.ForkedBooter.runSuitesInProcess(ForkedBooter.java:345)
	at org.apache.maven.surefire.booter.ForkedBooter.execute(ForkedBooter.java:126)
	at org.apache.maven.surefire.booter.ForkedBooter.main(ForkedBooter.java:418)
</textarea>
				</td>
			</tr>
	</tbody>
</table>
</div>
<div class="detail-foot">
	<ul class="attachments">
		<li>
			<a href="C:\selenium\TEEMS_3.0//Repots//index.html05_04_2024_13_04_22.png" data-featherlight="image">
				<div class="file-icon">
					<i class="fa fa-file-image-o"></i> 
				</div>
				<div class="file-info">
					<span class="file-name">index.html05_04_2024_13_04_22.png</span>
					<span class="file-size"> 61,469Kb</span>
				</div>
			</a>
		</li>
	</ul>
</div>
                                        </div>
                                    </li>
                                    <li class="test-item"  status="fail" test-id="8"
                                            author=""
                                            tag=""
                                            device="">
                                        <div class="status-avatar fail-bg">
                                            <i class="fa fa-times text-white"></i>
                                        </div>
                                        <div class="open-test">
                                            <div class="test-detail"> 
                                                <p class="name">Student_payment_complete_flow_TDS</p> 
                                                <p class="duration text-sm">0h 4m 7s+138ms</p> 
                                                <span class="datetime">13:59:48 PM</span>
                                            </div>
                                        </div>
                                        <div class="test-contents d-none">
                                            <div class="detail-head">
                                                <div class="p-v-10 d-inline-block"> 
                                                    <div class="info">
                                                        <h5 class="test-status text-fail">Student_payment_complete_flow_TDS</h5>
                                                        <span class='badge badge-success'>04.05.2024 13:59:48</span>
                                                        <span class='badge badge-danger'>04.05.2024 14:03:55</span>
                                                        <span class='badge badge-default'>0h 4m 7s+138ms</span>
                                                    </div>
                                                    <div class="m-t-10 m-l-5">
                                                        
                                                    </div>
                                                </div>
                                            </div>
<div class="detail-body mt-4">                                              
<table class="table table-sm">
	<thead><tr>
		<th class="status-col">Status</th>
		<th class="timestamp-col">Timestamp</th>
		<th class="details-col">Details</th>
	</tr></thead>
	<tbody>
			<tr class="event-row">
				<td><i class="fa fa-times text-fail"></i></td>
				<td>2:03:55 PM</td>
				<td>
						<span class='badge white-text red'><span style='color: black;'>Test is Fail</span><br><pre style='border: 1px solid red; padding: 10px; color: black; background-color: red; font-weight: bold;'>Student Enquiry ID :NARE247655
Payment Mode :TDS
Shaina with NAREB4A062 is successfully enrolled to MBA_Batch
Receipt No: NANA24D0058
Student ID: NAREB4A062
</pre></span>
				</td>
			</tr>
			<tr class="event-row">
				<td><i class="fa fa-times text-fail"></i></td>
				<td>2:03:55 PM</td>
				<td>
						<textarea disabled class="code-block">org.openqa.selenium.ElementClickInterceptedException: element click intercepted: Element <div class="mat-select-arrow-wrapper ng-tns-c247-41">...</div> is not clickable at point (504, 303). Other element would receive the click: <div class="swal2-success-circular-line-left" style="background-color: rgb(255, 255, 255);"></div>
  (Session info: chrome=123.0.6312.86)
Build info: version: '3.141.59', revision: 'e82be7d358', time: '2018-11-14T08:17:03'
System info: host: 'LAPTOP-A2U9APN6', ip: '192.168.0.127', os.name: 'Windows 11', os.arch: 'amd64', os.version: '10.0', java.version: '11.0.20'
Driver info: org.openqa.selenium.chrome.ChromeDriver
Capabilities {acceptInsecureCerts: false, browserName: chrome, browserVersion: 123.0.6312.86, chrome: {chromedriverVersion: 123.0.6312.58 (6b4b19e9dfbb..., userDataDir: C:\WINDOWS\SystemTemp\scope...}, fedcm:accounts: true, goog:chromeOptions: {debuggerAddress: localhost:54146}, javascriptEnabled: true, networkConnectionEnabled: false, pageLoadStrategy: normal, platform: WINDOWS, platformName: WINDOWS, proxy: Proxy(), setWindowRect: true, strictFileInteractability: false, timeouts: {implicit: 0, pageLoad: 300000, script: 30000}, unhandledPromptBehavior: dismiss and notify, webauthn:extension:credBlob: true, webauthn:extension:largeBlob: true, webauthn:extension:minPinLength: true, webauthn:extension:prf: true, webauthn:virtualAuthenticators: true}
Session ID: 90ab6446ad6577a66dd1759bf8e14697
	at java.base/jdk.internal.reflect.NativeConstructorAccessorImpl.newInstance0(Native Method)
	at java.base/jdk.internal.reflect.NativeConstructorAccessorImpl.newInstance(NativeConstructorAccessorImpl.java:62)
	at java.base/jdk.internal.reflect.DelegatingConstructorAccessorImpl.newInstance(DelegatingConstructorAccessorImpl.java:45)
	at java.base/java.lang.reflect.Constructor.newInstance(Constructor.java:490)
	at org.openqa.selenium.remote.http.W3CHttpResponseCodec.createException(W3CHttpResponseCodec.java:187)
	at org.openqa.selenium.remote.http.W3CHttpResponseCodec.decode(W3CHttpResponseCodec.java:122)
	at org.openqa.selenium.remote.http.W3CHttpResponseCodec.decode(W3CHttpResponseCodec.java:49)
	at org.openqa.selenium.remote.HttpCommandExecutor.execute(HttpCommandExecutor.java:158)
	at org.openqa.selenium.remote.service.DriverCommandExecutor.execute(DriverCommandExecutor.java:83)
	at org.openqa.selenium.remote.RemoteWebDriver.execute(RemoteWebDriver.java:552)
	at org.openqa.selenium.remote.RemoteWebElement.execute(RemoteWebElement.java:285)
	at org.openqa.selenium.remote.RemoteWebElement.click(RemoteWebElement.java:84)
	at All_Flows.Student_Fresh_subpayment_complete_flow_TDS.Student_payment_complete_flow_TDS(Student_Fresh_subpayment_complete_flow_TDS.java:660)
	at java.base/jdk.internal.reflect.NativeMethodAccessorImpl.invoke0(Native Method)
	at java.base/jdk.internal.reflect.NativeMethodAccessorImpl.invoke(NativeMethodAccessorImpl.java:62)
	at java.base/jdk.internal.reflect.DelegatingMethodAccessorImpl.invoke(DelegatingMethodAccessorImpl.java:43)
	at java.base/java.lang.reflect.Method.invoke(Method.java:566)
	at org.testng.internal.MethodInvocationHelper.invokeMethod(MethodInvocationHelper.java:133)
	at org.testng.internal.TestInvoker.invokeMethod(TestInvoker.java:598)
	at org.testng.internal.TestInvoker.invokeTestMethod(TestInvoker.java:173)
	at org.testng.internal.MethodRunner.runInSequence(MethodRunner.java:46)
	at org.testng.internal.TestInvoker$MethodInvocationAgent.invoke(TestInvoker.java:824)
	at org.testng.internal.TestInvoker.invokeTestMethods(TestInvoker.java:146)
	at org.testng.internal.TestMethodWorker.invokeTestMethods(TestMethodWorker.java:146)
	at org.testng.internal.TestMethodWorker.run(TestMethodWorker.java:128)
	at java.base/java.util.ArrayList.forEach(ArrayList.java:1541)
	at org.testng.TestRunner.privateRun(TestRunner.java:794)
	at org.testng.TestRunner.run(TestRunner.java:596)
	at org.testng.SuiteRunner.runTest(SuiteRunner.java:377)
	at org.testng.SuiteRunner.runSequentially(SuiteRunner.java:371)
	at org.testng.SuiteRunner.privateRun(SuiteRunner.java:332)
	at org.testng.SuiteRunner.run(SuiteRunner.java:276)
	at org.testng.SuiteRunnerWorker.runSuite(SuiteRunnerWorker.java:53)
	at org.testng.SuiteRunnerWorker.run(SuiteRunnerWorker.java:96)
	at org.testng.TestNG.runSuitesSequentially(TestNG.java:1212)
	at org.testng.TestNG.runSuitesLocally(TestNG.java:1134)
	at org.testng.TestNG.runSuites(TestNG.java:1063)
	at org.testng.TestNG.run(TestNG.java:1031)
	at org.apache.maven.surefire.testng.TestNGExecutor.run(TestNGExecutor.java:283)
	at org.apache.maven.surefire.testng.TestNGXmlTestSuite.execute(TestNGXmlTestSuite.java:75)
	at org.apache.maven.surefire.testng.TestNGProvider.invoke(TestNGProvider.java:120)
	at org.apache.maven.surefire.booter.ForkedBooter.invokeProviderInSameClassLoader(ForkedBooter.java:384)
	at org.apache.maven.surefire.booter.ForkedBooter.runSuitesInProcess(ForkedBooter.java:345)
	at org.apache.maven.surefire.booter.ForkedBooter.execute(ForkedBooter.java:126)
	at org.apache.maven.surefire.booter.ForkedBooter.main(ForkedBooter.java:418)
</textarea>
				</td>
			</tr>
	</tbody>
</table>
</div>
<div class="detail-foot">
	<ul class="attachments">
		<li>
			<a href="C:\selenium\TEEMS_3.0//Repots//index.html05_04_2024_14_04_55.png" data-featherlight="image">
				<div class="file-icon">
					<i class="fa fa-file-image-o"></i> 
				</div>
				<div class="file-info">
					<span class="file-name">index.html05_04_2024_14_04_55.png</span>
					<span class="file-size"> 61,469Kb</span>
				</div>
			</a>
		</li>
	</ul>
</div>
                                        </div>
                                    </li>
                                </ul>    
                            </div>
                        </div>
                        <div class="test-content scrollable">
                            <div class="test-content-tools">
                                <ul>
                                    <li>
                                        <a class="back-to-test" href="javascript:void(0)">
                                            <i class="fa fa-arrow-left"></i>
                                        </a>
                                    </li>
                                </ul>
                            </div>
                            <div class="test-content-detail">
                                <div class="detail-body"></div>
                            </div>
                        </div>
                    </div>
                </div>
            </div>
        </div>
    </div>
<script src="https://cdn.rawgit.com/extent-framework/extent-github-cdn/24cb10e/spark/js/script.js"></script>
</body>
</html>